c:\users\archi\desktop\graphics submission folder\finaldeliverable\opengltemplate\x64\release\vc142.pdb
c:\users\archi\desktop\graphics submission folder\finaldeliverable\opengltemplate\x64\release\stairs.obj
c:\users\archi\desktop\graphics submission folder\finaldeliverable\opengltemplate\x64\release\sphere.obj
c:\users\archi\desktop\graphics submission folder\finaldeliverable\opengltemplate\x64\release\skybox.obj
c:\users\archi\desktop\graphics submission folder\finaldeliverable\opengltemplate\x64\release\shaders.obj
c:\users\archi\desktop\graphics submission folder\finaldeliverable\opengltemplate\x64\release\plane.obj
c:\users\archi\desktop\graphics submission folder\finaldeliverable\opengltemplate\x64\release\openassetimportmesh.obj
c:\users\archi\desktop\graphics submission folder\finaldeliverable\opengltemplate\x64\release\matrixstack.obj
c:\users\archi\desktop\graphics submission folder\finaldeliverable\opengltemplate\x64\release\highresolutiontimer.obj
c:\users\archi\desktop\graphics submission folder\finaldeliverable\opengltemplate\x64\release\heightmapterrain.obj
c:\users\archi\desktop\graphics submission folder\finaldeliverable\opengltemplate\x64\release\garlic.obj
c:\users\archi\desktop\graphics submission folder\finaldeliverable\opengltemplate\x64\release\gamewindow.obj
c:\users\archi\desktop\graphics submission folder\finaldeliverable\opengltemplate\x64\release\game.obj
c:\users\archi\desktop\graphics submission folder\finaldeliverable\opengltemplate\x64\release\freetypefont.obj
c:\users\archi\desktop\graphics submission folder\finaldeliverable\opengltemplate\x64\release\framebufferobject.obj
c:\users\archi\desktop\graphics submission folder\finaldeliverable\opengltemplate\x64\release\facevertexmesh.obj
c:\users\archi\desktop\graphics submission folder\finaldeliverable\opengltemplate\x64\release\cubemap.obj
c:\users\archi\desktop\graphics submission folder\finaldeliverable\opengltemplate\x64\release\character.obj
c:\users\archi\desktop\graphics submission folder\finaldeliverable\opengltemplate\x64\release\catmullrom.obj
c:\users\archi\desktop\graphics submission folder\finaldeliverable\opengltemplate\x64\release\camera.obj
c:\users\archi\desktop\graphics submission folder\finaldeliverable\opengltemplate\x64\release\audio.obj
c:\users\archi\desktop\graphics submission folder\finaldeliverable\opengltemplate\x64\release\water.obj
c:\users\archi\desktop\graphics submission folder\finaldeliverable\opengltemplate\x64\release\vertexbufferobjectindexed.obj
c:\users\archi\desktop\graphics submission folder\finaldeliverable\opengltemplate\x64\release\vertexbufferobject.obj
c:\users\archi\desktop\graphics submission folder\finaldeliverable\opengltemplate\x64\release\throne.obj
c:\users\archi\desktop\graphics submission folder\finaldeliverable\opengltemplate\x64\release\texture.obj
c:\users\archi\desktop\graphics submission folder\finaldeliverable\opengltemplate\x64\release\testcube.obj
c:\users\archi\desktop\graphics submission folder\finaldeliverable\x64\release\opengltemplate.exe
c:\users\archi\desktop\graphics submission folder\finaldeliverable\opengltemplate\x64\release\opengltemplate.ipdb
c:\users\archi\desktop\graphics submission folder\finaldeliverable\opengltemplate\x64\release\opengltemplate.iobj
c:\users\archi\desktop\graphics submission folder\finaldeliverable\x64\release\opengltemplate.pdb
c:\users\archi\desktop\graphics submission folder\finaldeliverable\x64\release\opengltemplate.lib
c:\users\archi\desktop\graphics submission folder\finaldeliverable\x64\release\opengltemplate.exp
c:\users\archi\desktop\graphics submission folder\finaldeliverable\opengltemplate\x64\release\opengltemplate.tlog\cl.command.1.tlog
c:\users\archi\desktop\graphics submission folder\finaldeliverable\opengltemplate\x64\release\opengltemplate.tlog\cl.read.1.tlog
c:\users\archi\desktop\graphics submission folder\finaldeliverable\opengltemplate\x64\release\opengltemplate.tlog\cl.write.1.tlog
c:\users\archi\desktop\graphics submission folder\finaldeliverable\opengltemplate\x64\release\opengltemplate.tlog\link.command.1.tlog
c:\users\archi\desktop\graphics submission folder\finaldeliverable\opengltemplate\x64\release\opengltemplate.tlog\link.read.1.tlog
c:\users\archi\desktop\graphics submission folder\finaldeliverable\opengltemplate\x64\release\opengltemplate.tlog\link.write.1.tlog
c:\users\archi\desktop\graphics submission folder\finaldeliverable\opengltemplate\x64\release\opengltemplate.tlog\opengltemplate.write.1u.tlog
